./a10/a10_ssh.py
./accedian/accedian_ssh.py
./alcatel/alcatel_aos_ssh.py
./alcatel/alcatel_sros_ssh.py
./base_connection.py
./calix/calix_b6.py
./checkpoint/checkpoint_gaia_ssh.py
./ciena/ciena_saos_ssh.py
./cisco_base_connection.py
./cisco/cisco_asa_ssh.py
./cisco/cisco_ios.py
./cisco/cisco_s300.py
./cisco/cisco_tp_tcce.py
./cisco/cisco_wlc_ssh.py
./cisco/cisco_xr_ssh.py
./coriant/coriant_ssh.py
./dell/dell_dnos6.py
./dell/dell_force10_ssh.py
./dell/dell_os10_ssh.py
./eltex/eltex_ssh.py
./enterasys/enterasys_ssh.py
./extreme/extreme_ers_ssh.py
./extreme/extreme_exos.py
./extreme/extreme_netiron.py
./extreme/extreme_nos_ssh.py
./extreme/extreme_slx_ssh.py
./extreme/extreme_vsp_ssh.py
./fortinet/fortinet_ssh.py
./hp/hp_comware.py
./hp/hp_procurve.py
./huawei/huawei.py
./ipinfusion/ipinfusion_ocnos.py
./linux/linux_ssh.py
./mellanox/mellanox_ssh.py
./mrv/mrv_ssh.py
./oneaccess/oneaccess_oneos.py
./quanta/quanta_mesh_ssh.py
./rad/rad_etx.py
./ruckus/ruckus_fastiron.py
./ubiquiti/edge_ssh.py
./vyos/vyos_ssh.py
